2022-03-09 22:59:18.710  INFO 2736 --- [main] c.n.Server.ServerApiApplicationTests     : Starting ServerApiApplicationTests using Java 17 on University with PID 2736 (started by Antonio in C:\Sandbox\Personal file\Progetti\Project\ProjectNaTour21_INGSW\Server)
2022-03-09 22:59:18.714  INFO 2736 --- [main] c.n.Server.ServerApiApplicationTests     : No active profile set, falling back to default profiles: default
2022-03-09 22:59:23.413  INFO 2736 --- [main] .s.d.r.c.RepositoryConfigurationDelegate : Bootstrapping Spring Data JPA repositories in DEFAULT mode.
2022-03-09 22:59:23.801  INFO 2736 --- [main] .s.d.r.c.RepositoryConfigurationDelegate : Finished Spring Data repository scanning in 337 ms. Found 6 JPA repository interfaces.
2022-03-09 22:59:26.432  INFO 2736 --- [main] o.hibernate.jpa.internal.util.LogHelper  : HHH000204: Processing PersistenceUnitInfo [name: default]
2022-03-09 22:59:26.706  INFO 2736 --- [main] org.hibernate.Version                    : HHH000412: Hibernate ORM core version 5.6.4.Final
2022-03-09 22:59:27.513  INFO 2736 --- [main] o.hibernate.annotations.common.Version   : HCANN000001: Hibernate Commons Annotations {5.1.2.Final}
2022-03-09 22:59:28.251  INFO 2736 --- [main] com.zaxxer.hikari.HikariDataSource       : HikariPool-1 - Starting...
2022-03-09 22:59:31.444  INFO 2736 --- [main] com.zaxxer.hikari.HikariDataSource       : HikariPool-1 - Start completed.
2022-03-09 22:59:31.587  INFO 2736 --- [main] org.hibernate.dialect.Dialect            : HHH000400: Using dialect: org.hibernate.dialect.PostgreSQLDialect
2022-03-09 22:59:38.957  INFO 2736 --- [main] o.h.e.t.j.p.i.JtaPlatformInitiator       : HHH000490: Using JtaPlatform implementation: [org.hibernate.engine.transaction.jta.platform.internal.NoJtaPlatform]
2022-03-09 22:59:38.990  INFO 2736 --- [main] j.LocalContainerEntityManagerFactoryBean : Initialized JPA EntityManagerFactory for persistence unit 'default'
2022-03-09 22:59:42.461  WARN 2736 --- [main] JpaBaseConfiguration$JpaWebConfiguration : spring.jpa.open-in-view is enabled by default. Therefore, database queries may be performed during view rendering. Explicitly configure spring.jpa.open-in-view to disable this warning
2022-03-09 22:59:44.873  INFO 2736 --- [main] c.n.Server.ServerApiApplicationTests     : Started ServerApiApplicationTests in 29.945 seconds (JVM running for 36.377)
2022-03-09 22:59:45.862  INFO 2736 --- [SpringApplicationShutdownHook] j.LocalContainerEntityManagerFactoryBean : Closing JPA EntityManagerFactory for persistence unit 'default'
2022-03-09 22:59:45.871  INFO 2736 --- [SpringApplicationShutdownHook] com.zaxxer.hikari.HikariDataSource       : HikariPool-1 - Shutdown initiated...
2022-03-09 22:59:45.997  INFO 2736 --- [SpringApplicationShutdownHook] com.zaxxer.hikari.HikariDataSource       : HikariPool-1 - Shutdown completed.
2022-03-09 23:17:30.921  INFO 12976 --- [main] c.n.Server.ServerApiApplicationTests     : Starting ServerApiApplicationTests using Java 17 on University with PID 12976 (started by Antonio in C:\Sandbox\Personal file\Progetti\Project\ProjectNaTour21_INGSW\Server)
2022-03-09 23:17:30.926  INFO 12976 --- [main] c.n.Server.ServerApiApplicationTests     : No active profile set, falling back to default profiles: default
2022-03-09 23:17:34.494  INFO 12976 --- [main] .s.d.r.c.RepositoryConfigurationDelegate : Bootstrapping Spring Data JPA repositories in DEFAULT mode.
2022-03-09 23:17:34.784  INFO 12976 --- [main] .s.d.r.c.RepositoryConfigurationDelegate : Finished Spring Data repository scanning in 258 ms. Found 6 JPA repository interfaces.
2022-03-09 23:17:37.115  INFO 12976 --- [main] o.hibernate.jpa.internal.util.LogHelper  : HHH000204: Processing PersistenceUnitInfo [name: default]
2022-03-09 23:17:37.534  INFO 12976 --- [main] org.hibernate.Version                    : HHH000412: Hibernate ORM core version 5.6.4.Final
2022-03-09 23:17:38.501  INFO 12976 --- [main] o.hibernate.annotations.common.Version   : HCANN000001: Hibernate Commons Annotations {5.1.2.Final}
2022-03-09 23:17:39.175  INFO 12976 --- [main] com.zaxxer.hikari.HikariDataSource       : HikariPool-1 - Starting...
2022-03-09 23:17:42.215  INFO 12976 --- [main] com.zaxxer.hikari.HikariDataSource       : HikariPool-1 - Start completed.
2022-03-09 23:17:42.379  INFO 12976 --- [main] org.hibernate.dialect.Dialect            : HHH000400: Using dialect: org.hibernate.dialect.PostgreSQLDialect
2022-03-09 23:17:50.880  INFO 12976 --- [main] o.h.e.t.j.p.i.JtaPlatformInitiator       : HHH000490: Using JtaPlatform implementation: [org.hibernate.engine.transaction.jta.platform.internal.NoJtaPlatform]
2022-03-09 23:17:50.902  INFO 12976 --- [main] j.LocalContainerEntityManagerFactoryBean : Initialized JPA EntityManagerFactory for persistence unit 'default'
2022-03-09 23:17:54.299  WARN 12976 --- [main] JpaBaseConfiguration$JpaWebConfiguration : spring.jpa.open-in-view is enabled by default. Therefore, database queries may be performed during view rendering. Explicitly configure spring.jpa.open-in-view to disable this warning
2022-03-09 23:17:57.194  INFO 12976 --- [main] c.n.Server.ServerApiApplicationTests     : Started ServerApiApplicationTests in 27.501 seconds (JVM running for 30.996)
2022-03-09 23:17:58.299  INFO 12976 --- [SpringApplicationShutdownHook] j.LocalContainerEntityManagerFactoryBean : Closing JPA EntityManagerFactory for persistence unit 'default'
2022-03-09 23:17:58.310  INFO 12976 --- [SpringApplicationShutdownHook] com.zaxxer.hikari.HikariDataSource       : HikariPool-1 - Shutdown initiated...
2022-03-09 23:17:58.351  INFO 12976 --- [SpringApplicationShutdownHook] com.zaxxer.hikari.HikariDataSource       : HikariPool-1 - Shutdown completed.
